<?xml version="1.0" encoding="UTF-8"?>
<!-- Generated by org.testng.reporters.JUnitReportReporter -->
<testsuite ignored="0" hostname="LPT-CRAZO" failures="0" tests="1" name="testCases.TC01_StationSetup" time="20.471" errors="0" timestamp="21 Jun 2024 21:24:19 GMT" skipped="0">
  <testcase classname="testCases.TC01_StationSetup" name="TC01" time="20.471"/>
</testsuite> <!-- testCases.TC01_StationSetup -->
