<?xml version="1.0" encoding="UTF-8"?>
<!-- Generated by org.testng.reporters.JUnitReportReporter -->
<testsuite ignored="0" hostname="LPT-CRAZO" failures="0" tests="1" name="testCases.TC01_Samples" time="42.391" errors="0" timestamp="09 Sep 2024 17:53:43 GMT" skipped="0">
  <testcase classname="testCases.TC01_Samples" name="TC01" time="42.391"/>
</testsuite> <!-- testCases.TC01_Samples -->
