<?xml version="1.0" encoding="UTF-8"?>
<!-- Generated by org.testng.reporters.JUnitReportReporter -->
<testsuite ignored="2" hostname="LPT-CRAZO" failures="0" tests="1" name="productSetCases.TC01_AddProdSet" time="90.205" errors="0" timestamp="11 Jun 2024 21:13:32 GMT" skipped="0">
  <testcase classname="productSetCases.TC01_AddProdSet" name="TC04" time="90.205"/>
  <testcase classname="productSetCases.TC01_AddProdSet" name="TC01">
    <skipped/>
  </testcase> <!-- TC01 -->
  <testcase classname="productSetCases.TC01_AddProdSet" name="TC03">
    <skipped/>
  </testcase> <!-- TC03 -->
</testsuite> <!-- productSetCases.TC01_AddProdSet -->
