<?xml version="1.0" encoding="UTF-8"?>
<!-- Generated by org.testng.reporters.JUnitReportReporter -->
<testsuite ignored="2" hostname="LPT-CRAZO" failures="0" tests="1" name="productSetCases.TC01_ProductSet" time="52.221" errors="0" timestamp="11 Jun 2024 21:30:37 GMT" skipped="0">
  <testcase classname="productSetCases.TC01_ProductSet" name="TC04" time="52.221"/>
  <testcase classname="productSetCases.TC01_ProductSet" name="TC03">
    <skipped/>
  </testcase> <!-- TC03 -->
  <testcase classname="productSetCases.TC01_ProductSet" name="TC01">
    <skipped/>
  </testcase> <!-- TC01 -->
</testsuite> <!-- productSetCases.TC01_ProductSet -->
