<?xml version="1.0" encoding="UTF-8"?>
<!-- Generated by org.testng.reporters.JUnitReportReporter -->
<testsuite ignored="0" hostname="LPT-CRAZO" failures="0" tests="1" name="testCases.TC01_CharacteristicSetup" time="42.048" errors="0" timestamp="06 Aug 2024 22:37:52 GMT" skipped="0">
  <testcase classname="testCases.TC01_CharacteristicSetup" name="TC01" time="42.048"/>
</testsuite> <!-- testCases.TC01_CharacteristicSetup -->
