<?xml version="1.0" encoding="UTF-8"?>
<!-- Generated by org.testng.reporters.JUnitReportReporter -->
<testsuite ignored="0" hostname="LPT-CRAZO" failures="0" tests="1" name="loginTestCases.TC01_Login" time="1.179" errors="0" timestamp="23 Apr 2024 21:39:31 GMT" skipped="0">
  <testcase classname="loginTestCases.TC01_Login" name="TC01" time="1.179"/>
</testsuite> <!-- loginTestCases.TC01_Login -->
