<?xml version="1.0" encoding="UTF-8"?>
<!-- Generated by org.testng.reporters.JUnitReportReporter -->
<testsuite ignored="2" hostname="LPT-CRAZO" failures="0" tests="1" name="testCases.TC01_ProductSet" time="79.447" errors="0" timestamp="06 Aug 2024 22:11:52 GMT" skipped="0">
  <testcase classname="testCases.TC01_ProductSet" name="TC04" time="79.447"/>
  <testcase classname="testCases.TC01_ProductSet" name="TC01">
    <skipped/>
  </testcase> <!-- TC01 -->
  <testcase classname="testCases.TC01_ProductSet" name="TC03">
    <skipped/>
  </testcase> <!-- TC03 -->
</testsuite> <!-- testCases.TC01_ProductSet -->
