<?xml version="1.0" encoding="UTF-8"?>
<!-- Generated by org.testng.reporters.JUnitReportReporter -->
<testsuite ignored="0" hostname="LPT-CRAZO" failures="0" tests="1" name="inventoryTestCases.TC03_VerifyRemoveButton" time="2.547" errors="0" timestamp="17 Feb 2024 16:57:04 GMT" skipped="0">
  <testcase classname="inventoryTestCases.TC03_VerifyRemoveButton" name="TC03" time="2.547"/>
</testsuite> <!-- inventoryTestCases.TC03_VerifyRemoveButton -->
