<?xml version="1.0" encoding="UTF-8"?>
<!-- Generated by org.testng.reporters.JUnitReportReporter -->
<testsuite ignored="0" hostname="LPT-CRAZO" failures="0" tests="1" name="prueba.pruebaTest" time="5.479" errors="0" timestamp="20 Jan 2024 15:27:43 GMT" skipped="0">
  <testcase classname="prueba.pruebaTest" name="f" time="5.479"/>
</testsuite> <!-- prueba.pruebaTest -->
