<?xml version="1.0" encoding="UTF-8"?>
<!-- Generated by org.testng.reporters.JUnitReportReporter -->
<testsuite ignored="0" hostname="LPT-CRAZO" failures="0" tests="1" name="loginTestCases.TC02_LoginLockedUser" time="4.940" errors="0" timestamp="17 Feb 2024 16:57:04 GMT" skipped="0">
  <testcase classname="loginTestCases.TC02_LoginLockedUser" name="TC01" time="4.940"/>
</testsuite> <!-- loginTestCases.TC02_LoginLockedUser -->
