<?xml version="1.0" encoding="UTF-8"?>
<!-- Generated by org.testng.reporters.JUnitReportReporter -->
<testsuite ignored="0" hostname="LPT-CRAZO" failures="0" tests="1" name="loginTestCases.TC01_Login" time="0.530" errors="0" timestamp="10 Feb 2024 17:19:33 GMT" skipped="0">
  <testcase classname="loginTestCases.TC01_Login" name="TC01" time="0.530"/>
</testsuite> <!-- loginTestCases.TC01_Login -->
