<?xml version="1.0" encoding="UTF-8"?>
<!-- Generated by org.testng.reporters.JUnitReportReporter -->
<testsuite ignored="0" hostname="LPT-CRAZO" failures="0" tests="1" name="loginTestCases.TC05_LoginJsonData" time="0.531" errors="0" timestamp="24 Feb 2024 15:00:07 GMT" skipped="0">
  <testcase classname="loginTestCases.TC05_LoginJsonData" name="TC05" time="0.531"/>
</testsuite> <!-- loginTestCases.TC05_LoginJsonData -->
