<?xml version="1.0" encoding="UTF-8"?>
<!-- Generated by org.testng.reporters.JUnitReportReporter -->
<testsuite ignored="0" hostname="LPT-CRAZO" failures="0" tests="1" name="loginTestCases.TC06_LoginJsonData" time="1.647" errors="0" timestamp="24 Feb 2024 16:00:21 GMT" skipped="0">
  <testcase classname="loginTestCases.TC06_LoginJsonData" name="TC06" time="1.647"/>
</testsuite> <!-- loginTestCases.TC06_LoginJsonData -->
