<?xml version="1.0" encoding="UTF-8"?>
<!-- Generated by org.testng.reporters.JUnitReportReporter -->
<testsuite ignored="0" hostname="LPT-CRAZO" failures="0" tests="1" name="seleniumPrac.Hard_assertionTest" time="5.533" errors="0" timestamp="10 Feb 2024 15:38:17 GMT" skipped="0">
  <testcase classname="seleniumPrac.Hard_assertionTest" name="fTest" time="5.533"/>
</testsuite> <!-- seleniumPrac.Hard_assertionTest -->
